     1                                  bits 32 ; assembling for the 32 bits architecture
     2                                  
     3                                  ; declare the EntryPoint (a label defining the very first instruction of the program)
     4                                  global start        
     5                                  
     6                                  ; declare external functions needed by our program
     7                                  extern exit               ; tell nasm that exit exists even if we won't be defining it
     8                                  import exit msvcrt.dll    ; exit is a function that ends the calling process. It is defined in msvcrt.dll
     9                                                            ; msvcrt.dll contains exit, printf and all the other important C-runtime specific functions
    10                                  
    11                                  ; our data is declared here (the variables needed by our program)
    12                                  segment data use32 class=data
    13                                      
    14                                  ; our code starts here
    15                                  segment code use32 class=code
    16                                      start:
    17                                          ; do
    18                                          ;   stuff
    19                                          ; while (cond)
    20                                      
    21 00000000 B900000000                      mov ECX, 0
    22                                      loop:
    23 00000005 41                              inc ECX
    24                                          
    25 00000006 83F964                          cmp ECX, 100
    26 00000009 7CFA                            jl loop
    27                                      
    28                                          ; exit(0)
    29 0000000B 6A00                            push    dword 0      ; push the parameter for exit onto the stack
    30 0000000D FF15[00000000]                  call    [exit]       ; call exit to terminate the program
